{"C:\\Users\\Boris\\Desktop\\udemy\\Aire Tickets\\src\\js\\app.js": {"path":"C:\\Users\\Boris\\Desktop\\udemy\\Aire Tickets\\src\\js\\app.js","statementMap":{"0":{"start":{"line":10,"column":0},"end":{"line":75,"column":3}},"1":{"start":{"line":11,"column":17},"end":{"line":11,"column":28}},"2":{"start":{"line":12,"column":16},"end":{"line":12,"column":37}},"3":{"start":{"line":13,"column":22},"end":{"line":13,"column":50}},"4":{"start":{"line":17,"column":4},"end":{"line":17,"column":14}},"5":{"start":{"line":19,"column":4},"end":{"line":23,"column":7}},"6":{"start":{"line":21,"column":8},"end":{"line":21,"column":27}},"7":{"start":{"line":22,"column":8},"end":{"line":22,"column":24}},"8":{"start":{"line":24,"column":4},"end":{"line":27,"column":7}},"9":{"start":{"line":25,"column":8},"end":{"line":25,"column":27}},"10":{"start":{"line":26,"column":8},"end":{"line":26,"column":28}},"11":{"start":{"line":28,"column":4},"end":{"line":32,"column":7}},"12":{"start":{"line":29,"column":8},"end":{"line":29,"column":27}},"13":{"start":{"line":30,"column":8},"end":{"line":30,"column":23}},"14":{"start":{"line":37,"column":8},"end":{"line":37,"column":31}},"15":{"start":{"line":38,"column":8},"end":{"line":38,"column":58}},"16":{"start":{"line":42,"column":8},"end":{"line":44,"column":9}},"17":{"start":{"line":43,"column":12},"end":{"line":43,"column":55}},"18":{"start":{"line":49,"column":8},"end":{"line":53,"column":9}},"19":{"start":{"line":50,"column":25},"end":{"line":50,"column":47}},"20":{"start":{"line":51,"column":28},"end":{"line":51,"column":36}},"21":{"start":{"line":52,"column":12},"end":{"line":52,"column":54}},"22":{"start":{"line":57,"column":23},"end":{"line":57,"column":69}},"23":{"start":{"line":58,"column":28},"end":{"line":58,"column":79}},"24":{"start":{"line":59,"column":28},"end":{"line":59,"column":50}},"25":{"start":{"line":60,"column":28},"end":{"line":60,"column":50}},"26":{"start":{"line":61,"column":25},"end":{"line":61,"column":48}},"27":{"start":{"line":63,"column":8},"end":{"line":69,"column":11}},"28":{"start":{"line":72,"column":8},"end":{"line":72,"column":54}}},"fnMap":{"0":{"name":"(anonymous_0)","decl":{"start":{"line":10,"column":46},"end":{"line":10,"column":47}},"loc":{"start":{"line":10,"column":51},"end":{"line":75,"column":1}},"line":10},"1":{"name":"(anonymous_1)","decl":{"start":{"line":19,"column":34},"end":{"line":19,"column":35}},"loc":{"start":{"line":19,"column":39},"end":{"line":23,"column":5}},"line":19},"2":{"name":"(anonymous_2)","decl":{"start":{"line":24,"column":40},"end":{"line":24,"column":41}},"loc":{"start":{"line":24,"column":45},"end":{"line":27,"column":5}},"line":24},"3":{"name":"(anonymous_3)","decl":{"start":{"line":28,"column":36},"end":{"line":28,"column":37}},"loc":{"start":{"line":28,"column":41},"end":{"line":32,"column":5}},"line":28},"4":{"name":"initApp","decl":{"start":{"line":36,"column":19},"end":{"line":36,"column":26}},"loc":{"start":{"line":36,"column":29},"end":{"line":39,"column":5}},"line":36},"5":{"name":"onDeleteFavTicket","decl":{"start":{"line":41,"column":13},"end":{"line":41,"column":30}},"loc":{"start":{"line":41,"column":34},"end":{"line":45,"column":5}},"line":41},"6":{"name":"onAddFavorite","decl":{"start":{"line":47,"column":13},"end":{"line":47,"column":26}},"loc":{"start":{"line":47,"column":30},"end":{"line":54,"column":5}},"line":47},"7":{"name":"onFormSubmit","decl":{"start":{"line":56,"column":19},"end":{"line":56,"column":31}},"loc":{"start":{"line":56,"column":34},"end":{"line":74,"column":5}},"line":56}},"branchMap":{"0":{"loc":{"start":{"line":42,"column":8},"end":{"line":44,"column":9}},"type":"if","locations":[{"start":{"line":42,"column":8},"end":{"line":44,"column":9}},{"start":{"line":42,"column":8},"end":{"line":44,"column":9}}],"line":42},"1":{"loc":{"start":{"line":49,"column":8},"end":{"line":53,"column":9}},"type":"if","locations":[{"start":{"line":49,"column":8},"end":{"line":53,"column":9}},{"start":{"line":49,"column":8},"end":{"line":53,"column":9}}],"line":49}},"s":{"0":0,"1":0,"2":0,"3":0,"4":0,"5":0,"6":0,"7":0,"8":0,"9":0,"10":0,"11":0,"12":0,"13":0,"14":0,"15":0,"16":0,"17":0,"18":0,"19":0,"20":0,"21":0,"22":0,"23":0,"24":0,"25":0,"26":0,"27":0,"28":0},"f":{"0":0,"1":0,"2":0,"3":0,"4":0,"5":0,"6":0,"7":0},"b":{"0":[0,0],"1":[0,0]}}
,"C:\\Users\\Boris\\Desktop\\udemy\\Aire Tickets\\src\\js\\config\\apiConfig.js": {"path":"C:\\Users\\Boris\\Desktop\\udemy\\Aire Tickets\\src\\js\\config\\apiConfig.js","statementMap":{"0":{"start":{"line":1,"column":15},"end":{"line":3,"column":1}}},"fnMap":{},"branchMap":{},"s":{"0":0},"f":{},"b":{}}
,"C:\\Users\\Boris\\Desktop\\udemy\\Aire Tickets\\src\\js\\helpers\\date.js": {"path":"C:\\Users\\Boris\\Desktop\\udemy\\Aire Tickets\\src\\js\\helpers\\date.js","statementMap":{"0":{"start":{"line":4,"column":17},"end":{"line":4,"column":30}},"1":{"start":{"line":5,"column":4},"end":{"line":5,"column":30}}},"fnMap":{"0":{"name":"formateDate","decl":{"start":{"line":3,"column":16},"end":{"line":3,"column":27}},"loc":{"start":{"line":3,"column":39},"end":{"line":6,"column":1}},"line":3}},"branchMap":{},"s":{"0":1,"1":1},"f":{"0":1},"b":{},"_coverageSchema":"1a1c01bbd47fc00a2c39e90264f33305004495a9","hash":"c91c3e5fe1eb2aa607c7ad9a3ca027f7ade4812a"}
,"C:\\Users\\Boris\\Desktop\\udemy\\Aire Tickets\\src\\js\\plugins\\index.js": {"path":"C:\\Users\\Boris\\Desktop\\udemy\\Aire Tickets\\src\\js\\plugins\\index.js","statementMap":{},"fnMap":{},"branchMap":{},"s":{},"f":{},"b":{}}
,"C:\\Users\\Boris\\Desktop\\udemy\\Aire Tickets\\src\\js\\plugins\\materialize.js": {"path":"C:\\Users\\Boris\\Desktop\\udemy\\Aire Tickets\\src\\js\\plugins\\materialize.js","statementMap":{"0":{"start":{"line":5,"column":18},"end":{"line":5,"column":64}},"1":{"start":{"line":6,"column":0},"end":{"line":6,"column":52}},"2":{"start":{"line":10,"column":15},"end":{"line":10,"column":50}},"3":{"start":{"line":11,"column":0},"end":{"line":11,"column":26}},"4":{"start":{"line":15,"column":21},"end":{"line":15,"column":63}},"5":{"start":{"line":16,"column":0},"end":{"line":22,"column":3}},"6":{"start":{"line":25,"column":4},"end":{"line":25,"column":44}},"7":{"start":{"line":29,"column":20},"end":{"line":29,"column":60}},"8":{"start":{"line":30,"column":0},"end":{"line":33,"column":3}},"9":{"start":{"line":36,"column":4},"end":{"line":36,"column":42}}},"fnMap":{"0":{"name":"getAutocompleteInstance","decl":{"start":{"line":24,"column":16},"end":{"line":24,"column":39}},"loc":{"start":{"line":24,"column":46},"end":{"line":26,"column":1}},"line":24},"1":{"name":"getDatePickerInstance","decl":{"start":{"line":35,"column":16},"end":{"line":35,"column":37}},"loc":{"start":{"line":35,"column":44},"end":{"line":37,"column":1}},"line":35}},"branchMap":{},"s":{"0":0,"1":0,"2":0,"3":0,"4":0,"5":0,"6":0,"7":0,"8":0,"9":0},"f":{"0":0,"1":0},"b":{}}
,"C:\\Users\\Boris\\Desktop\\udemy\\Aire Tickets\\src\\js\\services\\apiService.js": {"path":"C:\\Users\\Boris\\Desktop\\udemy\\Aire Tickets\\src\\js\\services\\apiService.js","statementMap":{"0":{"start":{"line":6,"column":8},"end":{"line":6,"column":30}},"1":{"start":{"line":9,"column":8},"end":{"line":15,"column":9}},"2":{"start":{"line":10,"column":29},"end":{"line":10,"column":69}},"3":{"start":{"line":11,"column":12},"end":{"line":11,"column":33}},"4":{"start":{"line":13,"column":12},"end":{"line":13,"column":29}},"5":{"start":{"line":14,"column":12},"end":{"line":14,"column":39}},"6":{"start":{"line":18,"column":8},"end":{"line":24,"column":9}},"7":{"start":{"line":19,"column":29},"end":{"line":19,"column":66}},"8":{"start":{"line":20,"column":12},"end":{"line":20,"column":33}},"9":{"start":{"line":22,"column":12},"end":{"line":22,"column":29}},"10":{"start":{"line":23,"column":12},"end":{"line":23,"column":39}},"11":{"start":{"line":27,"column":8},"end":{"line":33,"column":9}},"12":{"start":{"line":28,"column":29},"end":{"line":28,"column":68}},"13":{"start":{"line":29,"column":12},"end":{"line":29,"column":33}},"14":{"start":{"line":31,"column":12},"end":{"line":31,"column":29}},"15":{"start":{"line":32,"column":12},"end":{"line":32,"column":39}},"16":{"start":{"line":36,"column":8},"end":{"line":44,"column":9}},"17":{"start":{"line":37,"column":29},"end":{"line":39,"column":14}},"18":{"start":{"line":40,"column":12},"end":{"line":40,"column":33}},"19":{"start":{"line":42,"column":12},"end":{"line":42,"column":29}},"20":{"start":{"line":43,"column":12},"end":{"line":43,"column":39}},"21":{"start":{"line":48,"column":12},"end":{"line":48,"column":27}}},"fnMap":{"0":{"name":"(anonymous_0)","decl":{"start":{"line":5,"column":4},"end":{"line":5,"column":5}},"loc":{"start":{"line":5,"column":24},"end":{"line":7,"column":5}},"line":5},"1":{"name":"(anonymous_1)","decl":{"start":{"line":8,"column":4},"end":{"line":8,"column":5}},"loc":{"start":{"line":8,"column":22},"end":{"line":16,"column":5}},"line":8},"2":{"name":"(anonymous_2)","decl":{"start":{"line":17,"column":4},"end":{"line":17,"column":5}},"loc":{"start":{"line":17,"column":19},"end":{"line":25,"column":5}},"line":17},"3":{"name":"(anonymous_3)","decl":{"start":{"line":26,"column":4},"end":{"line":26,"column":5}},"loc":{"start":{"line":26,"column":21},"end":{"line":34,"column":5}},"line":26},"4":{"name":"(anonymous_4)","decl":{"start":{"line":35,"column":4},"end":{"line":35,"column":5}},"loc":{"start":{"line":35,"column":25},"end":{"line":45,"column":5}},"line":35}},"branchMap":{},"s":{"0":0,"1":0,"2":0,"3":0,"4":0,"5":0,"6":0,"7":0,"8":0,"9":0,"10":0,"11":0,"12":0,"13":0,"14":0,"15":0,"16":0,"17":0,"18":0,"19":0,"20":0,"21":0},"f":{"0":0,"1":0,"2":0,"3":0,"4":0},"b":{}}
,"C:\\Users\\Boris\\Desktop\\udemy\\Aire Tickets\\src\\js\\store\\locations.js": {"path":"C:\\Users\\Boris\\Desktop\\udemy\\Aire Tickets\\src\\js\\store\\locations.js","statementMap":{"0":{"start":{"line":6,"column":8},"end":{"line":6,"column":23}},"1":{"start":{"line":7,"column":8},"end":{"line":7,"column":30}},"2":{"start":{"line":8,"column":8},"end":{"line":8,"column":27}},"3":{"start":{"line":9,"column":8},"end":{"line":9,"column":30}},"4":{"start":{"line":10,"column":8},"end":{"line":10,"column":29}},"5":{"start":{"line":11,"column":8},"end":{"line":11,"column":27}},"6":{"start":{"line":12,"column":8},"end":{"line":12,"column":47}},"7":{"start":{"line":15,"column":25},"end":{"line":19,"column":10}},"8":{"start":{"line":21,"column":46},"end":{"line":21,"column":54}},"9":{"start":{"line":22,"column":8},"end":{"line":22,"column":60}},"10":{"start":{"line":23,"column":8},"end":{"line":23,"column":51}},"11":{"start":{"line":24,"column":8},"end":{"line":24,"column":63}},"12":{"start":{"line":25,"column":8},"end":{"line":25,"column":57}},"13":{"start":{"line":27,"column":8},"end":{"line":27,"column":24}},"14":{"start":{"line":31,"column":21},"end":{"line":33,"column":9}},"15":{"start":{"line":32,"column":20},"end":{"line":32,"column":42}},"16":{"start":{"line":34,"column":8},"end":{"line":34,"column":25}},"17":{"start":{"line":38,"column":8},"end":{"line":38,"column":38}},"18":{"start":{"line":42,"column":8},"end":{"line":42,"column":69}},"19":{"start":{"line":46,"column":12},"end":{"line":46,"column":71}},"20":{"start":{"line":50,"column":8},"end":{"line":53,"column":15}},"21":{"start":{"line":51,"column":12},"end":{"line":51,"column":39}},"22":{"start":{"line":52,"column":12},"end":{"line":52,"column":23}},"23":{"start":{"line":57,"column":12},"end":{"line":60,"column":19}},"24":{"start":{"line":58,"column":16},"end":{"line":58,"column":44}},"25":{"start":{"line":59,"column":16},"end":{"line":59,"column":27}},"26":{"start":{"line":64,"column":8},"end":{"line":74,"column":15}},"27":{"start":{"line":65,"column":33},"end":{"line":65,"column":71}},"28":{"start":{"line":66,"column":12},"end":{"line":66,"column":63}},"29":{"start":{"line":67,"column":30},"end":{"line":67,"column":60}},"30":{"start":{"line":68,"column":12},"end":{"line":72,"column":14}},"31":{"start":{"line":73,"column":12},"end":{"line":73,"column":23}},"32":{"start":{"line":78,"column":8},"end":{"line":83,"column":15}},"33":{"start":{"line":79,"column":12},"end":{"line":79,"column":70}},"34":{"start":{"line":80,"column":12},"end":{"line":80,"column":63}},"35":{"start":{"line":81,"column":12},"end":{"line":81,"column":34}},"36":{"start":{"line":82,"column":12},"end":{"line":82,"column":23}},"37":{"start":{"line":87,"column":25},"end":{"line":87,"column":54}},"38":{"start":{"line":88,"column":8},"end":{"line":88,"column":63}},"39":{"start":{"line":92,"column":8},"end":{"line":106,"column":11}},"40":{"start":{"line":94,"column":12},"end":{"line":105,"column":14}},"41":{"start":{"line":110,"column":18},"end":{"line":110,"column":53}}},"fnMap":{"0":{"name":"(anonymous_0)","decl":{"start":{"line":5,"column":4},"end":{"line":5,"column":5}},"loc":{"start":{"line":5,"column":30},"end":{"line":13,"column":5}},"line":5},"1":{"name":"(anonymous_1)","decl":{"start":{"line":14,"column":4},"end":{"line":14,"column":5}},"loc":{"start":{"line":14,"column":17},"end":{"line":28,"column":5}},"line":14},"2":{"name":"(anonymous_2)","decl":{"start":{"line":30,"column":4},"end":{"line":30,"column":5}},"loc":{"start":{"line":30,"column":26},"end":{"line":35,"column":5}},"line":30},"3":{"name":"(anonymous_3)","decl":{"start":{"line":32,"column":12},"end":{"line":32,"column":13}},"loc":{"start":{"line":32,"column":20},"end":{"line":32,"column":42}},"line":32},"4":{"name":"(anonymous_4)","decl":{"start":{"line":37,"column":4},"end":{"line":37,"column":5}},"loc":{"start":{"line":37,"column":28},"end":{"line":39,"column":5}},"line":37},"5":{"name":"(anonymous_5)","decl":{"start":{"line":41,"column":4},"end":{"line":41,"column":5}},"loc":{"start":{"line":41,"column":31},"end":{"line":43,"column":5}},"line":41},"6":{"name":"(anonymous_6)","decl":{"start":{"line":45,"column":4},"end":{"line":45,"column":5}},"loc":{"start":{"line":45,"column":31},"end":{"line":47,"column":9}},"line":45},"7":{"name":"(anonymous_7)","decl":{"start":{"line":49,"column":4},"end":{"line":49,"column":5}},"loc":{"start":{"line":49,"column":30},"end":{"line":54,"column":5}},"line":49},"8":{"name":"(anonymous_8)","decl":{"start":{"line":50,"column":45},"end":{"line":50,"column":46}},"loc":{"start":{"line":50,"column":64},"end":{"line":53,"column":9}},"line":50},"9":{"name":"(anonymous_9)","decl":{"start":{"line":56,"column":4},"end":{"line":56,"column":5}},"loc":{"start":{"line":56,"column":34},"end":{"line":61,"column":9}},"line":56},"10":{"name":"(anonymous_10)","decl":{"start":{"line":57,"column":36},"end":{"line":57,"column":37}},"loc":{"start":{"line":57,"column":54},"end":{"line":60,"column":13}},"line":57},"11":{"name":"(anonymous_11)","decl":{"start":{"line":63,"column":4},"end":{"line":63,"column":5}},"loc":{"start":{"line":63,"column":28},"end":{"line":75,"column":5}},"line":63},"12":{"name":"(anonymous_12)","decl":{"start":{"line":64,"column":29},"end":{"line":64,"column":30}},"loc":{"start":{"line":64,"column":44},"end":{"line":74,"column":9}},"line":64},"13":{"name":"(anonymous_13)","decl":{"start":{"line":77,"column":4},"end":{"line":77,"column":5}},"loc":{"start":{"line":77,"column":32},"end":{"line":84,"column":5}},"line":77},"14":{"name":"(anonymous_14)","decl":{"start":{"line":78,"column":31},"end":{"line":78,"column":32}},"loc":{"start":{"line":78,"column":46},"end":{"line":83,"column":9}},"line":78},"15":{"name":"(anonymous_15)","decl":{"start":{"line":86,"column":4},"end":{"line":86,"column":5}},"loc":{"start":{"line":86,"column":31},"end":{"line":89,"column":5}},"line":86},"16":{"name":"(anonymous_16)","decl":{"start":{"line":91,"column":4},"end":{"line":91,"column":5}},"loc":{"start":{"line":91,"column":30},"end":{"line":107,"column":5}},"line":91},"17":{"name":"(anonymous_17)","decl":{"start":{"line":92,"column":42},"end":{"line":92,"column":43}},"loc":{"start":{"line":92,"column":52},"end":{"line":106,"column":9}},"line":92}},"branchMap":{"0":{"loc":{"start":{"line":42,"column":15},"end":{"line":42,"column":68}},"type":"cond-expr","locations":[{"start":{"line":42,"column":37},"end":{"line":42,"column":61}},{"start":{"line":42,"column":64},"end":{"line":42,"column":68}}],"line":42},"1":{"loc":{"start":{"line":46,"column":19},"end":{"line":46,"column":70}},"type":"cond-expr","locations":[{"start":{"line":46,"column":41},"end":{"line":46,"column":65}},{"start":{"line":46,"column":68},"end":{"line":46,"column":70}}],"line":46},"2":{"loc":{"start":{"line":66,"column":24},"end":{"line":66,"column":62}},"type":"binary-expr","locations":[{"start":{"line":66,"column":24},"end":{"line":66,"column":33}},{"start":{"line":66,"column":37},"end":{"line":66,"column":62}}],"line":66},"3":{"loc":{"start":{"line":80,"column":24},"end":{"line":80,"column":62}},"type":"binary-expr","locations":[{"start":{"line":80,"column":24},"end":{"line":80,"column":33}},{"start":{"line":80,"column":37},"end":{"line":80,"column":62}}],"line":80}},"s":{"0":0,"1":0,"2":0,"3":0,"4":0,"5":0,"6":0,"7":0,"8":0,"9":0,"10":0,"11":0,"12":0,"13":0,"14":0,"15":0,"16":0,"17":0,"18":0,"19":0,"20":0,"21":0,"22":0,"23":0,"24":0,"25":0,"26":0,"27":0,"28":0,"29":0,"30":0,"31":0,"32":0,"33":0,"34":0,"35":0,"36":0,"37":0,"38":0,"39":0,"40":0,"41":0},"f":{"0":0,"1":0,"2":0,"3":0,"4":0,"5":0,"6":0,"7":0,"8":0,"9":0,"10":0,"11":0,"12":0,"13":0,"14":0,"15":0,"16":0,"17":0},"b":{"0":[0,0],"1":[0,0],"2":[0,0],"3":[0,0]}}
,"C:\\Users\\Boris\\Desktop\\udemy\\Aire Tickets\\src\\js\\views\\currency.js": {"path":"C:\\Users\\Boris\\Desktop\\udemy\\Aire Tickets\\src\\js\\views\\currency.js","statementMap":{"0":{"start":{"line":3,"column":8},"end":{"line":3,"column":60}},"1":{"start":{"line":4,"column":8},"end":{"line":7,"column":10}},"2":{"start":{"line":11,"column":8},"end":{"line":11,"column":35}},"3":{"start":{"line":15,"column":8},"end":{"line":15,"column":50}},"4":{"start":{"line":19,"column":19},"end":{"line":19,"column":35}}},"fnMap":{"0":{"name":"(anonymous_0)","decl":{"start":{"line":2,"column":4},"end":{"line":2,"column":5}},"loc":{"start":{"line":2,"column":18},"end":{"line":8,"column":5}},"line":2},"1":{"name":"(anonymous_1)","decl":{"start":{"line":10,"column":4},"end":{"line":10,"column":5}},"loc":{"start":{"line":10,"column":23},"end":{"line":12,"column":5}},"line":10},"2":{"name":"(anonymous_2)","decl":{"start":{"line":14,"column":4},"end":{"line":14,"column":5}},"loc":{"start":{"line":14,"column":24},"end":{"line":16,"column":5}},"line":14}},"branchMap":{},"s":{"0":0,"1":0,"2":0,"3":0,"4":0},"f":{"0":0,"1":0,"2":0},"b":{}}
,"C:\\Users\\Boris\\Desktop\\udemy\\Aire Tickets\\src\\js\\views\\favorite.js": {"path":"C:\\Users\\Boris\\Desktop\\udemy\\Aire Tickets\\src\\js\\views\\favorite.js","statementMap":{"0":{"start":{"line":3,"column":8},"end":{"line":3,"column":73}},"1":{"start":{"line":7,"column":8},"end":{"line":7,"column":30}},"2":{"start":{"line":13,"column":27},"end":{"line":13,"column":58}},"3":{"start":{"line":14,"column":24},"end":{"line":14,"column":28}},"4":{"start":{"line":15,"column":26},"end":{"line":15,"column":77}},"5":{"start":{"line":16,"column":8},"end":{"line":21,"column":11}},"6":{"start":{"line":17,"column":12},"end":{"line":20,"column":13}},"7":{"start":{"line":18,"column":16},"end":{"line":18,"column":33}},"8":{"start":{"line":19,"column":16},"end":{"line":19,"column":76}},"9":{"start":{"line":23,"column":25},"end":{"line":23,"column":81}},"10":{"start":{"line":24,"column":8},"end":{"line":24,"column":66}},"11":{"start":{"line":29,"column":8},"end":{"line":70,"column":28}},"12":{"start":{"line":30,"column":12},"end":{"line":69,"column":13}},"13":{"start":{"line":70,"column":17},"end":{"line":70,"column":26}},"14":{"start":{"line":78,"column":17},"end":{"line":78,"column":33}}},"fnMap":{"0":{"name":"(anonymous_0)","decl":{"start":{"line":2,"column":4},"end":{"line":2,"column":5}},"loc":{"start":{"line":2,"column":18},"end":{"line":4,"column":5}},"line":2},"1":{"name":"(anonymous_1)","decl":{"start":{"line":6,"column":4},"end":{"line":6,"column":5}},"loc":{"start":{"line":6,"column":30},"end":{"line":8,"column":5}},"line":6},"2":{"name":"(anonymous_2)","decl":{"start":{"line":11,"column":4},"end":{"line":11,"column":5}},"loc":{"start":{"line":11,"column":38},"end":{"line":25,"column":5}},"line":11},"3":{"name":"(anonymous_3)","decl":{"start":{"line":16,"column":26},"end":{"line":16,"column":27}},"loc":{"start":{"line":16,"column":37},"end":{"line":21,"column":9}},"line":16},"4":{"name":"(anonymous_4)","decl":{"start":{"line":28,"column":4},"end":{"line":28,"column":5}},"loc":{"start":{"line":28,"column":57},"end":{"line":72,"column":5}},"line":28}},"branchMap":{"0":{"loc":{"start":{"line":17,"column":12},"end":{"line":20,"column":13}},"type":"if","locations":[{"start":{"line":17,"column":12},"end":{"line":20,"column":13}},{"start":{"line":17,"column":12},"end":{"line":20,"column":13}}],"line":17},"1":{"loc":{"start":{"line":29,"column":8},"end":{"line":70,"column":28}},"type":"if","locations":[{"start":{"line":29,"column":8},"end":{"line":70,"column":28}},{"start":{"line":29,"column":8},"end":{"line":70,"column":28}}],"line":29}},"s":{"0":0,"1":0,"2":0,"3":0,"4":0,"5":0,"6":0,"7":0,"8":0,"9":0,"10":0,"11":0,"12":0,"13":0,"14":0},"f":{"0":0,"1":0,"2":0,"3":0,"4":0},"b":{"0":[0,0],"1":[0,0]}}
,"C:\\Users\\Boris\\Desktop\\udemy\\Aire Tickets\\src\\js\\views\\form.js": {"path":"C:\\Users\\Boris\\Desktop\\udemy\\Aire Tickets\\src\\js\\views\\form.js","statementMap":{"0":{"start":{"line":8,"column":8},"end":{"line":8,"column":56}},"1":{"start":{"line":9,"column":8},"end":{"line":9,"column":69}},"2":{"start":{"line":10,"column":8},"end":{"line":10,"column":68}},"3":{"start":{"line":11,"column":8},"end":{"line":11,"column":79}},"4":{"start":{"line":12,"column":8},"end":{"line":12,"column":78}},"5":{"start":{"line":13,"column":8},"end":{"line":15,"column":10}},"6":{"start":{"line":16,"column":8},"end":{"line":18,"column":10}},"7":{"start":{"line":23,"column":8},"end":{"line":23,"column":26}},"8":{"start":{"line":27,"column":8},"end":{"line":27,"column":33}},"9":{"start":{"line":31,"column":8},"end":{"line":31,"column":38}},"10":{"start":{"line":35,"column":8},"end":{"line":35,"column":38}},"11":{"start":{"line":39,"column":8},"end":{"line":39,"column":38}},"12":{"start":{"line":43,"column":8},"end":{"line":43,"column":49}},"13":{"start":{"line":44,"column":8},"end":{"line":44,"column":54}},"14":{"start":{"line":48,"column":15},"end":{"line":48,"column":73}}},"fnMap":{"0":{"name":"(anonymous_0)","decl":{"start":{"line":7,"column":4},"end":{"line":7,"column":5}},"loc":{"start":{"line":7,"column":58},"end":{"line":20,"column":5}},"line":7},"1":{"name":"(anonymous_1)","decl":{"start":{"line":22,"column":4},"end":{"line":22,"column":5}},"loc":{"start":{"line":22,"column":15},"end":{"line":24,"column":5}},"line":22},"2":{"name":"(anonymous_2)","decl":{"start":{"line":26,"column":4},"end":{"line":26,"column":5}},"loc":{"start":{"line":26,"column":22},"end":{"line":28,"column":5}},"line":26},"3":{"name":"(anonymous_3)","decl":{"start":{"line":30,"column":4},"end":{"line":30,"column":5}},"loc":{"start":{"line":30,"column":27},"end":{"line":32,"column":5}},"line":30},"4":{"name":"(anonymous_4)","decl":{"start":{"line":34,"column":4},"end":{"line":34,"column":5}},"loc":{"start":{"line":34,"column":26},"end":{"line":36,"column":5}},"line":34},"5":{"name":"(anonymous_5)","decl":{"start":{"line":38,"column":4},"end":{"line":38,"column":5}},"loc":{"start":{"line":38,"column":26},"end":{"line":40,"column":5}},"line":38},"6":{"name":"(anonymous_6)","decl":{"start":{"line":42,"column":4},"end":{"line":42,"column":5}},"loc":{"start":{"line":42,"column":30},"end":{"line":45,"column":5}},"line":42}},"branchMap":{},"s":{"0":0,"1":0,"2":0,"3":0,"4":0,"5":0,"6":0,"7":0,"8":0,"9":0,"10":0,"11":0,"12":0,"13":0,"14":0},"f":{"0":0,"1":0,"2":0,"3":0,"4":0,"5":0,"6":0},"b":{}}
,"C:\\Users\\Boris\\Desktop\\udemy\\Aire Tickets\\src\\js\\views\\tickets.js": {"path":"C:\\Users\\Boris\\Desktop\\udemy\\Aire Tickets\\src\\js\\views\\tickets.js","statementMap":{"0":{"start":{"line":5,"column":8},"end":{"line":5,"column":74}},"1":{"start":{"line":6,"column":8},"end":{"line":6,"column":75}},"2":{"start":{"line":10,"column":8},"end":{"line":10,"column":30}},"3":{"start":{"line":14,"column":8},"end":{"line":14,"column":30}},"4":{"start":{"line":16,"column":8},"end":{"line":19,"column":9}},"5":{"start":{"line":17,"column":12},"end":{"line":17,"column":32}},"6":{"start":{"line":18,"column":12},"end":{"line":18,"column":19}},"7":{"start":{"line":21,"column":23},"end":{"line":21,"column":25}},"8":{"start":{"line":23,"column":25},"end":{"line":23,"column":49}},"9":{"start":{"line":25,"column":8},"end":{"line":29,"column":11}},"10":{"start":{"line":27,"column":29},"end":{"line":27,"column":71}},"11":{"start":{"line":28,"column":12},"end":{"line":28,"column":33}},"12":{"start":{"line":31,"column":8},"end":{"line":31,"column":66}},"13":{"start":{"line":35,"column":8},"end":{"line":35,"column":38}},"14":{"start":{"line":39,"column":25},"end":{"line":39,"column":53}},"15":{"start":{"line":40,"column":8},"end":{"line":40,"column":66}},"16":{"start":{"line":44,"column":8},"end":{"line":46,"column":6}},"17":{"start":{"line":52,"column":8},"end":{"line":89,"column":6}},"18":{"start":{"line":93,"column":18},"end":{"line":93,"column":43}}},"fnMap":{"0":{"name":"(anonymous_0)","decl":{"start":{"line":4,"column":4},"end":{"line":4,"column":5}},"loc":{"start":{"line":4,"column":26},"end":{"line":8,"column":5}},"line":4},"1":{"name":"(anonymous_1)","decl":{"start":{"line":9,"column":4},"end":{"line":9,"column":5}},"loc":{"start":{"line":9,"column":22},"end":{"line":11,"column":5}},"line":9},"2":{"name":"(anonymous_2)","decl":{"start":{"line":13,"column":4},"end":{"line":13,"column":5}},"loc":{"start":{"line":13,"column":27},"end":{"line":32,"column":5}},"line":13},"3":{"name":"(anonymous_3)","decl":{"start":{"line":25,"column":24},"end":{"line":25,"column":25}},"loc":{"start":{"line":25,"column":34},"end":{"line":29,"column":9}},"line":25},"4":{"name":"(anonymous_4)","decl":{"start":{"line":34,"column":4},"end":{"line":34,"column":5}},"loc":{"start":{"line":34,"column":21},"end":{"line":36,"column":5}},"line":34},"5":{"name":"(anonymous_5)","decl":{"start":{"line":38,"column":4},"end":{"line":38,"column":5}},"loc":{"start":{"line":38,"column":19},"end":{"line":41,"column":5}},"line":38},"6":{"name":"(anonymous_6)","decl":{"start":{"line":43,"column":4},"end":{"line":43,"column":5}},"loc":{"start":{"line":43,"column":30},"end":{"line":47,"column":5}},"line":43},"7":{"name":"(anonymous_7)","decl":{"start":{"line":49,"column":4},"end":{"line":49,"column":5}},"loc":{"start":{"line":49,"column":44},"end":{"line":90,"column":5}},"line":49}},"branchMap":{"0":{"loc":{"start":{"line":16,"column":8},"end":{"line":19,"column":9}},"type":"if","locations":[{"start":{"line":16,"column":8},"end":{"line":19,"column":9}},{"start":{"line":16,"column":8},"end":{"line":19,"column":9}}],"line":16}},"s":{"0":0,"1":0,"2":0,"3":0,"4":0,"5":0,"6":0,"7":0,"8":0,"9":0,"10":0,"11":0,"12":0,"13":0,"14":0,"15":0,"16":0,"17":0,"18":0},"f":{"0":0,"1":0,"2":0,"3":0,"4":0,"5":0,"6":0,"7":0},"b":{"0":[0,0]}}
}
